sample.interval=20000
"findCenvVar" "getInlineInfo" "tryInline" "cmpCall" "cmp" "cmpSymbolAssign" "h" "tryInline" "cmpCall" "cmp" "h" "tryInline" "cmpCall" "cmp" "genCode" "cmpfun" "doTryCatch" "tryCatchOne" "tryCatchList" "tryCatch" "compiler:::tryCmpfun" "RFMfunction" 
"findCenvVar" "getInlineInfo" "tryInline" "cmpCall" "cmp" "cmpSymbolAssign" "h" "tryInline" "cmpCall" "cmp" "h" "tryInline" "cmpCall" "cmp" "genCode" "cmpfun" "doTryCatch" "tryCatchOne" "tryCatchList" "tryCatch" "compiler:::tryCmpfun" "RFMfunction" 
"findCenvVar" "getInlineInfo" "tryInline" "cmpCall" "cmp" "cmpSymbolAssign" "h" "tryInline" "cmpCall" "cmp" "h" "tryInline" "cmpCall" "cmp" "genCode" "cmpfun" "doTryCatch" "tryCatchOne" "tryCatchList" "tryCatch" "compiler:::tryCmpfun" "RFMfunction" 
"findCenvVar" "getInlineInfo" "tryInline" "cmpCall" "cmp" "cmpSymbolAssign" "h" "tryInline" "cmpCall" "cmp" "h" "tryInline" "cmpCall" "cmp" "genCode" "cmpfun" "doTryCatch" "tryCatchOne" "tryCatchList" "tryCatch" "compiler:::tryCmpfun" "RFMfunction" 
"findCenvVar" "getInlineInfo" "tryInline" "cmpCall" "cmp" "cmpSymbolAssign" "h" "tryInline" "cmpCall" "cmp" "h" "tryInline" "cmpCall" "cmp" "genCode" "cmpfun" "doTryCatch" "tryCatchOne" "tryCatchList" "tryCatch" "compiler:::tryCmpfun" "RFMfunction" 
"findCenvVar" "getInlineInfo" "tryInline" "cmpCall" "cmp" "cmpSymbolAssign" "h" "tryInline" "cmpCall" "cmp" "h" "tryInline" "cmpCall" "cmp" "genCode" "cmpfun" "doTryCatch" "tryCatchOne" "tryCatchList" "tryCatch" "compiler:::tryCmpfun" "RFMfunction" 
"findCenvVar" "getInlineInfo" "tryInline" "cmpCall" "cmp" "cmpSymbolAssign" "h" "tryInline" "cmpCall" "cmp" "h" "tryInline" "cmpCall" "cmp" "genCode" "cmpfun" "doTryCatch" "tryCatchOne" "tryCatchList" "tryCatch" "compiler:::tryCmpfun" "RFMfunction" 
"findCenvVar" "getInlineInfo" "tryInline" "cmpCall" "cmp" "cmpSymbolAssign" "h" "tryInline" "cmpCall" "cmp" "h" "tryInline" "cmpCall" "cmp" "genCode" "cmpfun" "doTryCatch" "tryCatchOne" "tryCatchList" "tryCatch" "compiler:::tryCmpfun" "RFMfunction" 
"findCenvVar" "getInlineInfo" "tryInline" "cmpCall" "cmp" "cmpSymbolAssign" "h" "tryInline" "cmpCall" "cmp" "h" "tryInline" "cmpCall" "cmp" "genCode" "cmpfun" "doTryCatch" "tryCatchOne" "tryCatchList" "tryCatch" "compiler:::tryCmpfun" "RFMfunction" 
"copy" "[.data.table" "[" "RFMfunction" 
"unique.default" "unique" "simplify2array" "sapply" "unique" "check_tzones" "do.call" "Summary.POSIXct" "max" "[.data.table" "[" "RFMfunction" 
"sapply" "unique" "check_tzones" "do.call" "Summary.POSIXct" "max" "[.data.table" "[" "RFMfunction" 
"as.vector" "as.double.difftime" "as.numeric" "as.numeric" "[.data.table" "[" "RFMfunction" 
"NextMethod" ".POSIXct" "Summary.POSIXct" "max" "[.data.table" "[" "RFMfunction" 
"lapply" "sapply" "unique" "check_tzones" "do.call" "Summary.POSIXct" "max" "[.data.table" "[" "RFMfunction" 
"Summary.POSIXct" "max" "[.data.table" "[" "RFMfunction" 
"unlist" "simplify2array" "sapply" "unique" "check_tzones" "do.call" "Summary.POSIXct" "max" "[.data.table" "[" "RFMfunction" 
"unique" "simplify2array" "sapply" "unique" "check_tzones" "do.call" "Summary.POSIXct" "max" "[.data.table" "[" "RFMfunction" 
"difftime" "-.POSIXt" "-" "[.data.table" "[" "RFMfunction" 
"-.POSIXt" "-" "[.data.table" "[" "RFMfunction" 
"unique.default" "unique" "check_tzones" "do.call" "Summary.POSIXct" "max" "[.data.table" "[" "RFMfunction" 
".POSIXct" "Summary.POSIXct" "max" "[.data.table" "[" "RFMfunction" 
"formals" "match.arg" "difftime" "-.POSIXt" "-" "[.data.table" "[" "RFMfunction" 
"pmatch" "match.arg" "difftime" "-.POSIXt" "-" "[.data.table" "[" "RFMfunction" 
"as.POSIXct" "difftime" "-.POSIXt" "-" "[.data.table" "[" "RFMfunction" 
"[.data.table" "[" "RFMfunction" 
"NextMethod" ".POSIXct" "Summary.POSIXct" "max" "[.data.table" "[" "RFMfunction" 
"match.arg" "difftime" "-.POSIXt" "-" "[.data.table" "[" "RFMfunction" 
"as.vector" "as.double.difftime" "as.numeric" "as.numeric" "[.data.table" "[" "RFMfunction" 
"[.data.table" "[" "RFMfunction" 
"-" "[.data.table" "[" "RFMfunction" 
"isFALSE" "sapply" "unique" "check_tzones" "do.call" "Summary.POSIXct" "max" "[.data.table" "[" "RFMfunction" 
"as.numeric" "[.data.table" "[" "RFMfunction" 
"match.arg" "difftime" "-.POSIXt" "-" "[.data.table" "[" "RFMfunction" 
"eval" "match.arg" "difftime" "-.POSIXt" "-" "[.data.table" "[" "RFMfunction" 
"Summary.POSIXct" "max" "[.data.table" "[" "RFMfunction" 
"as.POSIXct" "difftime" "-.POSIXt" "-" "[.data.table" "[" "RFMfunction" 
"difftime" "-.POSIXt" "-" "[.data.table" "[" "RFMfunction" 
"do.call" "Summary.POSIXct" "max" "[.data.table" "[" "RFMfunction" 
"NextMethod" ".POSIXct" "Summary.POSIXct" "max" "[.data.table" "[" "RFMfunction" 
"difftime" "-.POSIXt" "-" "[.data.table" "[" "RFMfunction" 
"simplify2array" "sapply" "unique" "check_tzones" "do.call" "Summary.POSIXct" "max" "[.data.table" "[" "RFMfunction" 
"unique" "check_tzones" "do.call" "Summary.POSIXct" "max" "[.data.table" "[" "RFMfunction" 
"unique.default" "unique" "simplify2array" "sapply" "unique" "check_tzones" "do.call" "Summary.POSIXct" "max" "[.data.table" "[" "RFMfunction" 
"-.POSIXt" "-" "[.data.table" "[" "RFMfunction" 
"as.double.difftime" "as.numeric" "as.numeric" "[.data.table" "[" "RFMfunction" 
"-.POSIXt" "-" "[.data.table" "[" "RFMfunction" 
"as.POSIXct" "difftime" "-.POSIXt" "-" "[.data.table" "[" "RFMfunction" 
"match.arg" "difftime" "-.POSIXt" "-" "[.data.table" "[" "RFMfunction" 
"as.POSIXct" "difftime" "-.POSIXt" "-" "[.data.table" "[" "RFMfunction" 
"as.numeric" "[.data.table" "[" "RFMfunction" 
"is.na" "isFALSE" "sapply" "unique" "check_tzones" "do.call" "Summary.POSIXct" "max" "[.data.table" "[" "RFMfunction" 
"as.vector" "as.vector" "as.double.difftime" "as.numeric" "as.numeric" "[.data.table" "[" "RFMfunction" 
"sapply" "unique" "check_tzones" "do.call" "Summary.POSIXct" "max" "[.data.table" "[" "RFMfunction" 
"[.data.table" "[" "RFMfunction" 
"difftime" "-.POSIXt" "-" "[.data.table" "[" "RFMfunction" 
".POSIXct" "Summary.POSIXct" "max" "[.data.table" "[" "RFMfunction" 
"Summary.POSIXct" "max" "[.data.table" "[" "RFMfunction" 
"difftime" "-.POSIXt" "-" "[.data.table" "[" "RFMfunction" 
"is.factor" "unique.default" "unique" "simplify2array" "sapply" "unique" "check_tzones" "do.call" "Summary.POSIXct" "max" "[.data.table" "[" "RFMfunction" 
"simplify2array" "sapply" "unique" "check_tzones" "do.call" "Summary.POSIXct" "max" "[.data.table" "[" "RFMfunction" 
"match.arg" "difftime" "-.POSIXt" "-" "[.data.table" "[" "RFMfunction" 
"parent.frame" "do.call" "Summary.POSIXct" "max" "[.data.table" "[" "RFMfunction" 
"sapply" "unique" "check_tzones" "do.call" "Summary.POSIXct" "max" "[.data.table" "[" "RFMfunction" 
"[.data.table" "[" "RFMfunction" 
"unique" "simplify2array" "sapply" "unique" "check_tzones" "do.call" "Summary.POSIXct" "max" "[.data.table" "[" "RFMfunction" 
"do.call" "Summary.POSIXct" "max" "[.data.table" "[" "RFMfunction" 
"as.POSIXct" "difftime" "-.POSIXt" "-" "[.data.table" "[" "RFMfunction" 
"sys.function" "formals" "match.arg" "difftime" "-.POSIXt" "-" "[.data.table" "[" "RFMfunction" 
"Summary.POSIXct" "max" "[.data.table" "[" "RFMfunction" 
"lapply" "sapply" "unique" "check_tzones" "do.call" "Summary.POSIXct" "max" "[.data.table" "[" "RFMfunction" 
"as.POSIXct" "difftime" "-.POSIXt" "-" "[.data.table" "[" "RFMfunction" 
"check_tzones" "do.call" "Summary.POSIXct" "max" "[.data.table" "[" "RFMfunction" 
"as.double.difftime" "as.numeric" "as.numeric" "[.data.table" "[" "RFMfunction" 
"[.data.table" "[" "RFMfunction" 
"match.arg" "difftime" "-.POSIXt" "-" "[.data.table" "[" "RFMfunction" 
"unique" "simplify2array" "sapply" "unique" "check_tzones" "do.call" "Summary.POSIXct" "max" "[.data.table" "[" "RFMfunction" 
"difftime" "-.POSIXt" "-" "[.data.table" "[" "RFMfunction" 
"unique" "simplify2array" "sapply" "unique" "check_tzones" "do.call" "Summary.POSIXct" "max" "[.data.table" "[" "RFMfunction" 
"FUN" "lapply" "sapply" "unique" "check_tzones" "do.call" "Summary.POSIXct" "max" "[.data.table" "[" "RFMfunction" 
"as.POSIXct.default" "as.POSIXct" "difftime" "-.POSIXt" "-" "[.data.table" "[" "RFMfunction" 
"as.numeric" "[.data.table" "[" "RFMfunction" 
"-.POSIXt" "-" "[.data.table" "[" "RFMfunction" 
"sapply" "unique" "check_tzones" "do.call" "Summary.POSIXct" "max" "[.data.table" "[" "RFMfunction" 
"[.data.table" "[" "RFMfunction" 
"lapply" "sapply" "unique" "check_tzones" "do.call" "Summary.POSIXct" "max" "[.data.table" "[" "RFMfunction" 
".difftime" "difftime" "-.POSIXt" "-" "[.data.table" "[" "RFMfunction" 
"unique" "simplify2array" "sapply" "unique" "check_tzones" "do.call" "Summary.POSIXct" "max" "[.data.table" "[" "RFMfunction" 
"difftime" "-.POSIXt" "-" "[.data.table" "[" "RFMfunction" 
"as.double.difftime" "as.numeric" "as.numeric" "[.data.table" "[" "RFMfunction" 
"match.arg" "difftime" "-.POSIXt" "-" "[.data.table" "[" "RFMfunction" 
"max" "[.data.table" "[" "RFMfunction" 
"[.data.table" "[" "RFMfunction" 
"as.POSIXct.default" "as.POSIXct" "difftime" "-.POSIXt" "-" "[.data.table" "[" "RFMfunction" 
"isFALSE" "sapply" "unique" "check_tzones" "do.call" "Summary.POSIXct" "max" "[.data.table" "[" "RFMfunction" 
"[.data.table" "[" "RFMfunction" 
"as.POSIXct.default" "as.POSIXct" "difftime" "-.POSIXt" "-" "[.data.table" "[" "RFMfunction" 
"lapply" "sapply" "unique" "check_tzones" "do.call" "Summary.POSIXct" "max" "[.data.table" "[" "RFMfunction" 
"attr" "FUN" "lapply" "sapply" "unique" "check_tzones" "do.call" "Summary.POSIXct" "max" "[.data.table" "[" "RFMfunction" 
"max" "[.data.table" "[" "RFMfunction" 
".POSIXct" "Summary.POSIXct" "max" "[.data.table" "[" "RFMfunction" 
"as.POSIXct" "difftime" "-.POSIXt" "-" "[.data.table" "[" "RFMfunction" 
"match.arg" "difftime" "-.POSIXt" "-" "[.data.table" "[" "RFMfunction" 
"match.fun" "sapply" "unique" "check_tzones" "do.call" "Summary.POSIXct" "max" "[.data.table" "[" "RFMfunction" 
"attr" "FUN" "lapply" "sapply" "unique" "check_tzones" "do.call" "Summary.POSIXct" "max" "[.data.table" "[" "RFMfunction" 
"[.data.table" "[" "RFMfunction" 
"[.data.table" "[" "RFMfunction" 
"[.data.table" "[" "RFMfunction" 
"as.POSIXct" "difftime" "-.POSIXt" "-" "[.data.table" "[" "RFMfunction" 
".External" "[.data.table" "[" "RFMfunction" 
".POSIXct" "Summary.POSIXct" "max" "[.data.table" "[" "RFMfunction" 
"match.arg" "difftime" "-.POSIXt" "-" "[.data.table" "[" "RFMfunction" 
"length" "simplify2array" "sapply" "unique" "check_tzones" "do.call" "Summary.POSIXct" "max" "[.data.table" "[" "RFMfunction" 
"[.data.table" "[" "RFMfunction" 
"[.data.table" "[" "RFMfunction" 
"sys.frame" "eval" "match.arg" "difftime" "-.POSIXt" "-" "[.data.table" "[" "RFMfunction" 
"check_tzones" "do.call" "Summary.POSIXct" "max" "[.data.table" "[" "RFMfunction" 
"lapply" "sapply" "unique" "check_tzones" "do.call" "Summary.POSIXct" "max" "[.data.table" "[" "RFMfunction" 
"[.data.table" "[" "RFMfunction" 
"sapply" "unique" "check_tzones" "do.call" "Summary.POSIXct" "max" "[.data.table" "[" "RFMfunction" 
"formals" "match.arg" "difftime" "-.POSIXt" "-" "[.data.table" "[" "RFMfunction" 
"difftime" "-.POSIXt" "-" "[.data.table" "[" "RFMfunction" 
"match.fun" "lapply" "sapply" "unique" "check_tzones" "do.call" "Summary.POSIXct" "max" "[.data.table" "[" "RFMfunction" 
".difftime" "difftime" "-.POSIXt" "-" "[.data.table" "[" "RFMfunction" 
"-" "[.data.table" "[" "RFMfunction" 
"[.data.table" "[" "RFMfunction" 
"-" "[.data.table" "[" "RFMfunction" 
"NextMethod" ".POSIXct" "Summary.POSIXct" "max" "[.data.table" "[" "RFMfunction" 
"match.arg" "difftime" "-.POSIXt" "-" "[.data.table" "[" "RFMfunction" 
"simplify2array" "sapply" "unique" "check_tzones" "do.call" "Summary.POSIXct" "max" "[.data.table" "[" "RFMfunction" 
"max" "[.data.table" "[" "RFMfunction" 
"NextMethod" ".POSIXct" "Summary.POSIXct" "max" "[.data.table" "[" "RFMfunction" 
"do.call" "Summary.POSIXct" "max" "[.data.table" "[" "RFMfunction" 
".External" "[.data.table" "[" "RFMfunction" 
"as.POSIXct" "difftime" "-.POSIXt" "-" "[.data.table" "[" "RFMfunction" 
"as.POSIXct" "difftime" "-.POSIXt" "-" "[.data.table" "[" "RFMfunction" 
"check_tzones" "do.call" "Summary.POSIXct" "max" "[.data.table" "[" "RFMfunction" 
"NextMethod" ".POSIXct" "Summary.POSIXct" "max" "[.data.table" "[" "RFMfunction" 
"FUN" "lapply" "sapply" "unique" "check_tzones" "do.call" "Summary.POSIXct" "max" "[.data.table" "[" "RFMfunction" 
"unique" "check_tzones" "do.call" "Summary.POSIXct" "max" "[.data.table" "[" "RFMfunction" 
"as.POSIXct" "difftime" "-.POSIXt" "-" "[.data.table" "[" "RFMfunction" 
"check_tzones" "do.call" "Summary.POSIXct" "max" "[.data.table" "[" "RFMfunction" 
"max" "[.data.table" "[" "RFMfunction" 
"match.arg" "difftime" "-.POSIXt" "-" "[.data.table" "[" "RFMfunction" 
"do.call" "Summary.POSIXct" "max" "[.data.table" "[" "RFMfunction" 
"[.data.table" "[" "RFMfunction" 
"match.fun" "lapply" "sapply" "unique" "check_tzones" "do.call" "Summary.POSIXct" "max" "[.data.table" "[" "RFMfunction" 
"unique" "simplify2array" "sapply" "unique" "check_tzones" "do.call" "Summary.POSIXct" "max" "[.data.table" "[" "RFMfunction" 
"as.POSIXct" "difftime" "-.POSIXt" "-" "[.data.table" "[" "RFMfunction" 
"length" "check_tzones" "do.call" "Summary.POSIXct" "max" "[.data.table" "[" "RFMfunction" 
"-" "[.data.table" "[" "RFMfunction" 
"-.POSIXt" "-" "[.data.table" "[" "RFMfunction" 
"formals" "match.arg" "difftime" "-.POSIXt" "-" "[.data.table" "[" "RFMfunction" 
"difftime" "-.POSIXt" "-" "[.data.table" "[" "RFMfunction" 
"unique.default" "unique" "simplify2array" "sapply" "unique" "check_tzones" "do.call" "Summary.POSIXct" "max" "[.data.table" "[" "RFMfunction" 
"as.POSIXct" "difftime" "-.POSIXt" "-" "[.data.table" "[" "RFMfunction" 
"is.factor" "unique.default" "unique" "check_tzones" "do.call" "Summary.POSIXct" "max" "[.data.table" "[" "RFMfunction" 
".External" "[.data.table" "[" "RFMfunction" 
"simplify2array" "sapply" "unique" "check_tzones" "do.call" "Summary.POSIXct" "max" "[.data.table" "[" "RFMfunction" 
".POSIXct" "Summary.POSIXct" "max" "[.data.table" "[" "RFMfunction" 
"as.POSIXct" "difftime" "-.POSIXt" "-" "[.data.table" "[" "RFMfunction" 
"unique" "check_tzones" "do.call" "Summary.POSIXct" "max" "[.data.table" "[" "RFMfunction" 
"-" "[.data.table" "[" "RFMfunction" 
"as.POSIXct" "difftime" "-.POSIXt" "-" "[.data.table" "[" "RFMfunction" 
"eval" "match.arg" "difftime" "-.POSIXt" "-" "[.data.table" "[" "RFMfunction" 
"unique" "simplify2array" "sapply" "unique" "check_tzones" "do.call" "Summary.POSIXct" "max" "[.data.table" "[" "RFMfunction" 
"-.POSIXt" "-" "[.data.table" "[" "RFMfunction" 
"unique" "check_tzones" "do.call" "Summary.POSIXct" "max" "[.data.table" "[" "RFMfunction" 
"unique.default" "unique" "simplify2array" "sapply" "unique" "check_tzones" "do.call" "Summary.POSIXct" "max" "[.data.table" "[" "RFMfunction" 
"-.POSIXt" "-" "[.data.table" "[" "RFMfunction" 
"pmatch" "match.arg" "difftime" "-.POSIXt" "-" "[.data.table" "[" "RFMfunction" 
"eval" "match.arg" "difftime" "-.POSIXt" "-" "[.data.table" "[" "RFMfunction" 
"match.arg" "difftime" "-.POSIXt" "-" "[.data.table" "[" "RFMfunction" 
"as.numeric" "as.numeric" "[.data.table" "[" "RFMfunction" 
"difftime" "-.POSIXt" "-" "[.data.table" "[" "RFMfunction" 
"unique.default" "unique" "simplify2array" "sapply" "unique" "check_tzones" "do.call" "Summary.POSIXct" "max" "[.data.table" "[" "RFMfunction" 
"difftime" "-.POSIXt" "-" "[.data.table" "[" "RFMfunction" 
"as.POSIXct" "difftime" "-.POSIXt" "-" "[.data.table" "[" "RFMfunction" 
"unlist" "simplify2array" "sapply" "unique" "check_tzones" "do.call" "Summary.POSIXct" "max" "[.data.table" "[" "RFMfunction" 
"-.POSIXt" "-" "[.data.table" "[" "RFMfunction" 
"[.data.table" "[" "RFMfunction" 
".POSIXct" "Summary.POSIXct" "max" "[.data.table" "[" "RFMfunction" 
"eval" "match.arg" "difftime" "-.POSIXt" "-" "[.data.table" "[" "RFMfunction" 
"match.arg" "difftime" "-.POSIXt" "-" "[.data.table" "[" "RFMfunction" 
"sys.parent" "sys.function" "formals" "match.arg" "difftime" "-.POSIXt" "-" "[.data.table" "[" "RFMfunction" 
"-.POSIXt" "-" "[.data.table" "[" "RFMfunction" 
"unique" "check_tzones" "do.call" "Summary.POSIXct" "max" "[.data.table" "[" "RFMfunction" 
"[.data.table" "[" "RFMfunction" 
"unique" "check_tzones" "do.call" "Summary.POSIXct" "max" "[.data.table" "[" "RFMfunction" 
"simplify2array" "sapply" "unique" "check_tzones" "do.call" "Summary.POSIXct" "max" "[.data.table" "[" "RFMfunction" 
"check_tzones" "do.call" "Summary.POSIXct" "max" "[.data.table" "[" "RFMfunction" 
"unique" "simplify2array" "sapply" "unique" "check_tzones" "do.call" "Summary.POSIXct" "max" "[.data.table" "[" "RFMfunction" 
"unique" "check_tzones" "do.call" "Summary.POSIXct" "max" "[.data.table" "[" "RFMfunction" 
"simplify2array" "sapply" "unique" "check_tzones" "do.call" "Summary.POSIXct" "max" "[.data.table" "[" "RFMfunction" 
"Summary.POSIXct" "max" "[.data.table" "[" "RFMfunction" 
"eval" "match.arg" "difftime" "-.POSIXt" "-" "[.data.table" "[" "RFMfunction" 
"unique.default" "unique" "check_tzones" "do.call" "Summary.POSIXct" "max" "[.data.table" "[" "RFMfunction" 
"[.data.table" "[" "RFMfunction" 
"Summary.POSIXct" "max" "[.data.table" "[" "RFMfunction" 
"as.POSIXct" "difftime" "-.POSIXt" "-" "[.data.table" "[" "RFMfunction" 
"eval" "match.arg" "difftime" "-.POSIXt" "-" "[.data.table" "[" "RFMfunction" 
"pmatch" "match.arg" "difftime" "-.POSIXt" "-" "[.data.table" "[" "RFMfunction" 
"NextMethod" ".POSIXct" "Summary.POSIXct" "max" "[.data.table" "[" "RFMfunction" 
"as.POSIXct" "difftime" "-.POSIXt" "-" "[.data.table" "[" "RFMfunction" 
"as.numeric" "as.numeric" "[.data.table" "[" "RFMfunction" 
"is.na" "isFALSE" "sapply" "unique" "check_tzones" "do.call" "Summary.POSIXct" "max" "[.data.table" "[" "RFMfunction" 
"match.arg" "difftime" "-.POSIXt" "-" "[.data.table" "[" "RFMfunction" 
"unique.default" "unique" "check_tzones" "do.call" "Summary.POSIXct" "max" "[.data.table" "[" "RFMfunction" 
"-.POSIXt" "-" "[.data.table" "[" "RFMfunction" 
"as.POSIXct" "difftime" "-.POSIXt" "-" "[.data.table" "[" "RFMfunction" 
".POSIXct" "Summary.POSIXct" "max" "[.data.table" "[" "RFMfunction" 
"lengths" "unique" "simplify2array" "sapply" "unique" "check_tzones" "do.call" "Summary.POSIXct" "max" "[.data.table" "[" "RFMfunction" 
".POSIXct" "Summary.POSIXct" "max" "[.data.table" "[" "RFMfunction" 
"as.POSIXct.default" "as.POSIXct" "difftime" "-.POSIXt" "-" "[.data.table" "[" "RFMfunction" 
"unlist" "simplify2array" "sapply" "unique" "check_tzones" "do.call" "Summary.POSIXct" "max" "[.data.table" "[" "RFMfunction" 
"difftime" "-.POSIXt" "-" "[.data.table" "[" "RFMfunction" 
"max" "[.data.table" "[" "RFMfunction" 
"unique.default" "unique" "simplify2array" "sapply" "unique" "check_tzones" "do.call" "Summary.POSIXct" "max" "[.data.table" "[" "RFMfunction" 
"[.data.table" "[" "RFMfunction" 
"unique" "check_tzones" "do.call" "Summary.POSIXct" "max" "[.data.table" "[" "RFMfunction" 
"-.POSIXt" "-" "[.data.table" "[" "RFMfunction" 
"lapply" "sapply" "unique" "check_tzones" "do.call" "Summary.POSIXct" "max" "[.data.table" "[" "RFMfunction" 
"as.numeric" "[.data.table" "[" "RFMfunction" 
"unique.default" "unique" "check_tzones" "do.call" "Summary.POSIXct" "max" "[.data.table" "[" "RFMfunction" 
"check_tzones" "do.call" "Summary.POSIXct" "max" "[.data.table" "[" "RFMfunction" 
".POSIXct" "Summary.POSIXct" "max" "[.data.table" "[" "RFMfunction" 
"[.data.table" "[" "RFMfunction" 
"unique" "simplify2array" "sapply" "unique" "check_tzones" "do.call" "Summary.POSIXct" "max" "[.data.table" "[" "RFMfunction" 
"pmatch" "match.arg" "difftime" "-.POSIXt" "-" "[.data.table" "[" "RFMfunction" 
"pmatch" "match.arg" "difftime" "-.POSIXt" "-" "[.data.table" "[" "RFMfunction" 
"[.data.table" "[" "RFMfunction" 
"is.factor" "unique.default" "unique" "simplify2array" "sapply" "unique" "check_tzones" "do.call" "Summary.POSIXct" "max" "[.data.table" "[" "RFMfunction" 
"sapply" "unique" "check_tzones" "do.call" "Summary.POSIXct" "max" "[.data.table" "[" "RFMfunction" 
"simplify2array" "sapply" "unique" "check_tzones" "do.call" "Summary.POSIXct" "max" "[.data.table" "[" "RFMfunction" 
"lengths" "unique" "simplify2array" "sapply" "unique" "check_tzones" "do.call" "Summary.POSIXct" "max" "[.data.table" "[" "RFMfunction" 
"lapply" "sapply" "unique" "check_tzones" "do.call" "Summary.POSIXct" "max" "[.data.table" "[" "RFMfunction" 
"-" "[.data.table" "[" "RFMfunction" 
"is.factor" "unique.default" "unique" "check_tzones" "do.call" "Summary.POSIXct" "max" "[.data.table" "[" "RFMfunction" 
"eval" "match.arg" "difftime" "-.POSIXt" "-" "[.data.table" "[" "RFMfunction" 
"unique" "check_tzones" "do.call" "Summary.POSIXct" "max" "[.data.table" "[" "RFMfunction" 
"[.data.table" "[" "RFMfunction" 
"check_tzones" "do.call" "Summary.POSIXct" "max" "[.data.table" "[" "RFMfunction" 
"as.POSIXct" "difftime" "-.POSIXt" "-" "[.data.table" "[" "RFMfunction" 
"eval" "match.arg" "difftime" "-.POSIXt" "-" "[.data.table" "[" "RFMfunction" 
"sys.function" "formals" "match.arg" "difftime" "-.POSIXt" "-" "[.data.table" "[" "RFMfunction" 
"simplify2array" "sapply" "unique" "check_tzones" "do.call" "Summary.POSIXct" "max" "[.data.table" "[" "RFMfunction" 
"unique" "check_tzones" "do.call" "Summary.POSIXct" "max" "[.data.table" "[" "RFMfunction" 
".POSIXct" "Summary.POSIXct" "max" "[.data.table" "[" "RFMfunction" 
"match.arg" "difftime" "-.POSIXt" "-" "[.data.table" "[" "RFMfunction" 
"[.data.table" "[" "RFMfunction" 
"sys.parent" "sys.function" "formals" "match.arg" "difftime" "-.POSIXt" "-" "[.data.table" "[" "RFMfunction" 
"max" "[.data.table" "[" "RFMfunction" 
"unique" "check_tzones" "do.call" "Summary.POSIXct" "max" "[.data.table" "[" "RFMfunction" 
"lapply" "sapply" "unique" "check_tzones" "do.call" "Summary.POSIXct" "max" "[.data.table" "[" "RFMfunction" 
"[.data.table" "[" "RFMfunction" 
"as.POSIXct" "difftime" "-.POSIXt" "-" "[.data.table" "[" "RFMfunction" 
".POSIXct" "Summary.POSIXct" "max" "[.data.table" "[" "RFMfunction" 
"lapply" "sapply" "unique" "check_tzones" "do.call" "Summary.POSIXct" "max" "[.data.table" "[" "RFMfunction" 
"unique.default" "unique" "check_tzones" "do.call" "Summary.POSIXct" "max" "[.data.table" "[" "RFMfunction" 
"[.data.table" "[" "RFMfunction" 
"-.POSIXt" "-" "[.data.table" "[" "RFMfunction" 
"isFALSE" "sapply" "unique" "check_tzones" "do.call" "Summary.POSIXct" "max" "[.data.table" "[" "RFMfunction" 
"[.data.table" "[" "RFMfunction" 
"lapply" "sapply" "unique" "check_tzones" "do.call" "Summary.POSIXct" "max" "[.data.table" "[" "RFMfunction" 
"-" "[.data.table" "[" "RFMfunction" 
"pmatch" "match.arg" "difftime" "-.POSIXt" "-" "[.data.table" "[" "RFMfunction" 
"unique.default" "unique" "simplify2array" "sapply" "unique" "check_tzones" "do.call" "Summary.POSIXct" "max" "[.data.table" "[" "RFMfunction" 
"unique" "check_tzones" "do.call" "Summary.POSIXct" "max" "[.data.table" "[" "RFMfunction" 
"eval" "match.arg" "difftime" "-.POSIXt" "-" "[.data.table" "[" "RFMfunction" 
"eval" "match.arg" "difftime" "-.POSIXt" "-" "[.data.table" "[" "RFMfunction" 
"as.POSIXct" "difftime" "-.POSIXt" "-" "[.data.table" "[" "RFMfunction" 
".difftime" "difftime" "-.POSIXt" "-" "[.data.table" "[" "RFMfunction" 
"[.data.table" "[" "RFMfunction" 
"-" "[.data.table" "[" "RFMfunction" 
"difftime" "-.POSIXt" "-" "[.data.table" "[" "RFMfunction" 
"eval" "match.arg" "difftime" "-.POSIXt" "-" "[.data.table" "[" "RFMfunction" 
"as.POSIXct" "difftime" "-.POSIXt" "-" "[.data.table" "[" "RFMfunction" 
"NextMethod" ".POSIXct" "Summary.POSIXct" "max" "[.data.table" "[" "RFMfunction" 
"match.arg" "difftime" "-.POSIXt" "-" "[.data.table" "[" "RFMfunction" 
"difftime" "-.POSIXt" "-" "[.data.table" "[" "RFMfunction" 
"NextMethod" ".POSIXct" "Summary.POSIXct" "max" "[.data.table" "[" "RFMfunction" 
"unique" "simplify2array" "sapply" "unique" "check_tzones" "do.call" "Summary.POSIXct" "max" "[.data.table" "[" "RFMfunction" 
"FUN" "lapply" "sapply" "unique" "check_tzones" "do.call" "Summary.POSIXct" "max" "[.data.table" "[" "RFMfunction" 
"match.arg" "difftime" "-.POSIXt" "-" "[.data.table" "[" "RFMfunction" 
"simplify2array" "sapply" "unique" "check_tzones" "do.call" "Summary.POSIXct" "max" "[.data.table" "[" "RFMfunction" 
"-" "[.data.table" "[" "RFMfunction" 
"as.numeric" "[.data.table" "[" "RFMfunction" 
"NextMethod" ".POSIXct" "Summary.POSIXct" "max" "[.data.table" "[" "RFMfunction" 
"-" "[.data.table" "[" "RFMfunction" 
"sapply" "unique" "check_tzones" "do.call" "Summary.POSIXct" "max" "[.data.table" "[" "RFMfunction" 
"unique" "simplify2array" "sapply" "unique" "check_tzones" "do.call" "Summary.POSIXct" "max" "[.data.table" "[" "RFMfunction" 
"as.numeric" "as.numeric" "[.data.table" "[" "RFMfunction" 
"eval" "match.arg" "difftime" "-.POSIXt" "-" "[.data.table" "[" "RFMfunction" 
"[.data.table" "[" "RFMfunction" 
"difftime" "-.POSIXt" "-" "[.data.table" "[" "RFMfunction" 
"match.arg" "difftime" "-.POSIXt" "-" "[.data.table" "[" "RFMfunction" 
"sapply" "unique" "check_tzones" "do.call" "Summary.POSIXct" "max" "[.data.table" "[" "RFMfunction" 
"as.POSIXct" "difftime" "-.POSIXt" "-" "[.data.table" "[" "RFMfunction" 
"[.data.table" "[" "RFMfunction" 
"sys.function" "formals" "match.arg" "difftime" "-.POSIXt" "-" "[.data.table" "[" "RFMfunction" 
"do.call" "Summary.POSIXct" "max" "[.data.table" "[" "RFMfunction" 
"factor" "table" "cut2" "eval" "eval" "[.data.table" "[" "RFMfunction" 
"factor" "table" "cut2" "eval" "eval" "[.data.table" "[" "RFMfunction" 
"factor" "table" "cut2" "eval" "eval" "[.data.table" "[" "RFMfunction" 
"cut2" "eval" "eval" "[.data.table" "[" "RFMfunction" 
"is.na" "cut2" "eval" "eval" "[.data.table" "[" "RFMfunction" 
"cut2" "eval" "eval" "[.data.table" "[" "RFMfunction" 
"is.na" "cut2" "eval" "eval" "[.data.table" "[" "RFMfunction" 
"factor" "table" "cut2" "eval" "eval" "[.data.table" "[" "RFMfunction" 
"factor" "table" "cut2" "eval" "eval" "[.data.table" "[" "RFMfunction" 
"factor" "table" "cut2" "eval" "eval" "[.data.table" "[" "RFMfunction" 
"*" "eval" "eval" "[.data.table" "[" "RFMfunction" 
